[{"line":1,"elements":[{"start_timestamp":"2024-06-03T12:21:51.051Z","before":[{"result":{"duration":12596781500,"status":"passed"},"match":{"location":"StepDefination.Step.setup()"}}],"line":3,"name":"Create loginpage Test with valid credentials","description":"","id":"freecrm-application-test;create-loginpage-test-with-valid-credentials","after":[{"result":{"duration":2276743200,"status":"passed"},"match":{"location":"StepDefination.Step.tear()"}}],"type":"scenario","keyword":"Scenario","steps":[{"result":{"duration":997200,"status":"passed"},"line":4,"name":"Launch the browser and open url","match":{"location":"StepDefination.Step.launch_the_browser_and_open_url()"},"keyword":"Given "},{"result":{"duration":2031741400,"status":"passed"},"line":5,"name":"user is on login page","match":{"location":"StepDefination.Step.user_is_on_login_page()"},"keyword":"Then "},{"result":{"duration":368016000,"status":"passed"},"line":6,"name":"user enter the username \"rvkadam25@gmail.com\" and password \"Ravikant@25\"","match":{"arguments":[{"val":"\"rvkadam25@gmail.com\"","offset":24},{"val":"\"Ravikant@25\"","offset":59}],"location":"StepDefination.Step.user_enter_the_username_and_password(java.lang.String,java.lang.String)"},"keyword":"When "},{"result":{"duration":2260382300,"status":"passed"},"line":7,"name":"Click on login button","match":{"location":"StepDefination.Step.click_on_login_button()"},"keyword":"And "},{"result":{"duration":761964300,"status":"passed"},"line":8,"name":"user should on the homepage","match":{"location":"StepDefination.Step.user_should_on_the_homepage()"},"keyword":"Then "}],"tags":[{"name":"@Sanity"}]},{"start_timestamp":"2024-06-03T12:22:11.425Z","before":[{"result":{"duration":9601398100,"status":"passed"},"match":{"location":"StepDefination.Step.setup()"}}],"line":22,"name":"Login Test with invalid creadentials","description":"","id":"freecrm-application-test;login-test-with-invalid-creadentials;;2","after":[{"result":{"error_message":"org.openqa.selenium.WebDriverException: Failed to decode response from marionette\nBuild info: version: '4.18.0', revision: 'b6bf9de7cc*'\nSystem info: os.name: 'Windows 10', os.arch: 'amd64', os.version: '10.0', java.version: '17.0.7'\nDriver info: org.openqa.selenium.firefox.FirefoxDriver\nCommand: [c8faa494-1f8e-4e32-ba9f-39e18342e170, close {}]\nCapabilities {acceptInsecureCerts: true, browserName: firefox, browserVersion: 126.0.1, moz:accessibilityChecks: false, moz:buildID: 20240526221752, moz:debuggerAddress: 127.0.0.1:32509, moz:geckodriverVersion: 0.34.0, moz:headless: false, moz:platformVersion: 10.0, moz:processID: 42232, moz:profile: C:\\Users\\user\\AppData\\Local..., moz:shutdownTimeout: 60000, moz:webdriverClick: true, moz:windowless: false, pageLoadStrategy: normal, platformName: windows, proxy: Proxy(), se:cdp: ws://127.0.0.1:32509/devtoo..., se:cdpVersion: 85.0, setWindowRect: true, strictFileInteractability: false, timeouts: {implicit: 0, pageLoad: 300000, script: 30000}, unhandledPromptBehavior: dismiss and notify, userAgent: Mozilla/5.0 (Windows NT 10....}\nSession ID: c8faa494-1f8e-4e32-ba9f-39e18342e170\r\n\tat java.base/jdk.internal.reflect.NativeConstructorAccessorImpl.newInstance0(Native Method)\r\n\tat java.base/jdk.internal.reflect.NativeConstructorAccessorImpl.newInstance(NativeConstructorAccessorImpl.java:77)\r\n\tat java.base/jdk.internal.reflect.DelegatingConstructorAccessorImpl.newInstance(DelegatingConstructorAccessorImpl.java:45)\r\n\tat java.base/java.lang.reflect.Constructor.newInstanceWithCaller(Constructor.java:499)\r\n\tat java.base/java.lang.reflect.Constructor.newInstance(Constructor.java:480)\r\n\tat org.openqa.selenium.remote.ErrorCodec.decode(ErrorCodec.java:167)\r\n\tat org.openqa.selenium.remote.codec.w3c.W3CHttpResponseCodec.decode(W3CHttpResponseCodec.java:138)\r\n\tat org.openqa.selenium.remote.codec.w3c.W3CHttpResponseCodec.decode(W3CHttpResponseCodec.java:50)\r\n\tat org.openqa.selenium.remote.HttpCommandExecutor.execute(HttpCommandExecutor.java:190)\r\n\tat org.openqa.selenium.remote.service.DriverCommandExecutor.invokeExecute(DriverCommandExecutor.java:216)\r\n\tat org.openqa.selenium.remote.service.DriverCommandExecutor.execute(DriverCommandExecutor.java:174)\r\n\tat org.openqa.selenium.remote.RemoteWebDriver.execute(RemoteWebDriver.java:519)\r\n\tat org.openqa.selenium.remote.RemoteWebDriver.execute(RemoteWebDriver.java:592)\r\n\tat org.openqa.selenium.remote.RemoteWebDriver.execute(RemoteWebDriver.java:596)\r\n\tat org.openqa.selenium.remote.RemoteWebDriver.close(RemoteWebDriver.java:406)\r\n\tat StepDefination.Step.tear(Step.java:45)\r\n","duration":271285500,"status":"failed"},"match":{"location":"StepDefination.Step.tear()"}}],"type":"scenario","keyword":"Scenario Outline","steps":[{"result":{"status":"passed"},"line":12,"name":"Launch the browser and open url","match":{"location":"StepDefination.Step.launch_the_browser_and_open_url()"},"keyword":"Given "},{"result":{"error_message":"org.openqa.selenium.NoSuchWindowException: Browsing context has been discarded\nBuild info: version: '4.18.0', revision: 'b6bf9de7cc*'\nSystem info: os.name: 'Windows 10', os.arch: 'amd64', os.version: '10.0', java.version: '17.0.7'\nDriver info: org.openqa.selenium.firefox.FirefoxDriver\nCommand: [c8faa494-1f8e-4e32-ba9f-39e18342e170, getTitle {}]\nCapabilities {acceptInsecureCerts: true, browserName: firefox, browserVersion: 126.0.1, moz:accessibilityChecks: false, moz:buildID: 20240526221752, moz:debuggerAddress: 127.0.0.1:32509, moz:geckodriverVersion: 0.34.0, moz:headless: false, moz:platformVersion: 10.0, moz:processID: 42232, moz:profile: C:\\Users\\user\\AppData\\Local..., moz:shutdownTimeout: 60000, moz:webdriverClick: true, moz:windowless: false, pageLoadStrategy: normal, platformName: windows, proxy: Proxy(), se:cdp: ws://127.0.0.1:32509/devtoo..., se:cdpVersion: 85.0, setWindowRect: true, strictFileInteractability: false, timeouts: {implicit: 0, pageLoad: 300000, script: 30000}, unhandledPromptBehavior: dismiss and notify, userAgent: Mozilla/5.0 (Windows NT 10....}\nSession ID: c8faa494-1f8e-4e32-ba9f-39e18342e170\r\n\tat java.base/jdk.internal.reflect.NativeConstructorAccessorImpl.newInstance0(Native Method)\r\n\tat java.base/jdk.internal.reflect.NativeConstructorAccessorImpl.newInstance(NativeConstructorAccessorImpl.java:77)\r\n\tat java.base/jdk.internal.reflect.DelegatingConstructorAccessorImpl.newInstance(DelegatingConstructorAccessorImpl.java:45)\r\n\tat java.base/java.lang.reflect.Constructor.newInstanceWithCaller(Constructor.java:499)\r\n\tat java.base/java.lang.reflect.Constructor.newInstance(Constructor.java:480)\r\n\tat org.openqa.selenium.remote.ErrorCodec.decode(ErrorCodec.java:167)\r\n\tat org.openqa.selenium.remote.codec.w3c.W3CHttpResponseCodec.decode(W3CHttpResponseCodec.java:138)\r\n\tat org.openqa.selenium.remote.codec.w3c.W3CHttpResponseCodec.decode(W3CHttpResponseCodec.java:50)\r\n\tat org.openqa.selenium.remote.HttpCommandExecutor.execute(HttpCommandExecutor.java:190)\r\n\tat org.openqa.selenium.remote.service.DriverCommandExecutor.invokeExecute(DriverCommandExecutor.java:216)\r\n\tat org.openqa.selenium.remote.service.DriverCommandExecutor.execute(DriverCommandExecutor.java:174)\r\n\tat org.openqa.selenium.remote.RemoteWebDriver.execute(RemoteWebDriver.java:519)\r\n\tat org.openqa.selenium.remote.RemoteWebDriver.execute(RemoteWebDriver.java:592)\r\n\tat org.openqa.selenium.remote.RemoteWebDriver.execute(RemoteWebDriver.java:596)\r\n\tat org.openqa.selenium.remote.RemoteWebDriver.getTitle(RemoteWebDriver.java:306)\r\n\tat StepDefination.Step.user_is_on_login_page(Step.java:62)\r\n\tat ✽.user is on login page(file:///D:/C%20drive%20Data%2026_06_23/eclipse-workspace/VishwaMarch24CucumberProject/src/main/resources/Feature/loginFreeCrm.feature:13)\r\n","duration":133643100,"status":"failed"},"line":13,"name":"user is on login page","match":{"location":"StepDefination.Step.user_is_on_login_page()"},"keyword":"Then "},{"result":{"duration":997500,"status":"skipped"},"line":14,"name":"user enter the username \"rvkadam25@gmail.com\" and password \"Ravikant123\"","match":{"arguments":[{"val":"\"rvkadam25@gmail.com\"","offset":24},{"val":"\"Ravikant123\"","offset":59}],"location":"StepDefination.Step.user_enter_the_username_and_password(java.lang.String,java.lang.String)"},"keyword":"When "},{"result":{"status":"skipped"},"line":15,"name":"Click on login button","match":{"location":"StepDefination.Step.click_on_login_button()"},"keyword":"And "},{"result":{"duration":997400,"status":"skipped"},"line":16,"name":"user should on the homepage","match":{"location":"StepDefination.Step.user_should_on_the_homepage()"},"keyword":"Then "}]},{"start_timestamp":"2024-06-03T12:22:21.479Z","before":[{"result":{"duration":11098312000,"status":"passed"},"match":{"location":"StepDefination.Step.setup()"}}],"line":23,"name":"Login Test with invalid creadentials","description":"","id":"freecrm-application-test;login-test-with-invalid-creadentials;;3","after":[{"result":{"duration":1719225100,"status":"passed"},"match":{"location":"StepDefination.Step.tear()"}}],"type":"scenario","keyword":"Scenario Outline","steps":[{"result":{"duration":2991800,"status":"passed"},"line":12,"name":"Launch the browser and open url","match":{"location":"StepDefination.Step.launch_the_browser_and_open_url()"},"keyword":"Given "},{"result":{"duration":2013506700,"status":"passed"},"line":13,"name":"user is on login page","match":{"location":"StepDefination.Step.user_is_on_login_page()"},"keyword":"Then "},{"result":{"duration":363541600,"status":"passed"},"line":14,"name":"user enter the username \"Vishwatech@gmail.com\" and password \"Ravikant@25\"","match":{"arguments":[{"val":"\"Vishwatech@gmail.com\"","offset":24},{"val":"\"Ravikant@25\"","offset":60}],"location":"StepDefination.Step.user_enter_the_username_and_password(java.lang.String,java.lang.String)"},"keyword":"When "},{"result":{"duration":2259877800,"status":"passed"},"line":15,"name":"Click on login button","match":{"location":"StepDefination.Step.click_on_login_button()"},"keyword":"And "},{"result":{"error_message":"java.lang.AssertionError: Wrong username or password  expected [true] but found [false]\r\n\tat org.testng.Assert.fail(Assert.java:111)\r\n\tat org.testng.Assert.failNotEquals(Assert.java:1578)\r\n\tat org.testng.Assert.assertTrue(Assert.java:57)\r\n\tat StepDefination.Step.user_should_on_the_homepage(Step.java:91)\r\n\tat ✽.user should on the homepage(file:///D:/C%20drive%20Data%2026_06_23/eclipse-workspace/VishwaMarch24CucumberProject/src/main/resources/Feature/loginFreeCrm.feature:16)\r\n","duration":295100900,"status":"failed"},"line":16,"name":"user should on the homepage","match":{"location":"StepDefination.Step.user_should_on_the_homepage()"},"keyword":"Then "}]}],"name":"FreeCRM application Test","description":"","id":"freecrm-application-test","keyword":"Feature","uri":"file:src/main/resources/Feature/loginFreeCrm.feature","tags":[]}]