<?xml version="1.0" encoding="UTF-8"?>
<testng-results ignored="0" total="1" passed="1" failed="0" skipped="0">
  <reporter-output>
  </reporter-output>
  <suite started-at="2024-06-01T12:55:22 IST" name="Default suite" finished-at="2024-06-01T12:55:40 IST" duration-ms="17200">
    <groups>
      <group name="cucumber">
        <method signature="AbstractTestNGCucumberTests.runScenario(io.cucumber.testng.PickleWrapper,io.cucumber.testng.FeatureWrapper)[pri:0, instance:RunnerClass.TestRunnerWithTestNG$TestRunnerWithJunit@70ed52de]" name="runScenario" class="io.cucumber.testng.AbstractTestNGCucumberTests"/>
      </group> <!-- cucumber -->
    </groups>
    <test started-at="2024-06-01T12:55:22 IST" name="Default test" finished-at="2024-06-01T12:55:40 IST" duration-ms="17200">
      <class name="RunnerClass.TestRunnerWithTestNG$TestRunnerWithJunit">
        <test-method is-config="true" signature="setUpClass(org.testng.ITestContext)[pri:0, instance:RunnerClass.TestRunnerWithTestNG$TestRunnerWithJunit@70ed52de]" started-at="2024-06-01T12:55:22 IST" name="setUpClass" finished-at="2024-06-01T12:55:24 IST" duration-ms="1130" status="PASS">
          <params>
            <param index="0">
              <value>
                <![CDATA[org.testng.TestRunner@41853299]]>
              </value>
            </param>
          </params>
          <reporter-output>
          </reporter-output>
        </test-method> <!-- setUpClass -->
        <test-method signature="runScenario(io.cucumber.testng.PickleWrapper,io.cucumber.testng.FeatureWrapper)[pri:0, instance:RunnerClass.TestRunnerWithTestNG$TestRunnerWithJunit@70ed52de]" started-at="2024-06-01T12:55:24 IST" name="runScenario" description="Runs Cucumber Scenarios" data-provider="scenarios" finished-at="2024-06-01T12:55:40 IST" duration-ms="15888" status="PASS">
          <params>
            <param index="0">
              <value>
                <![CDATA["Create loginpage Test"]]>
              </value>
            </param>
            <param index="1">
              <value>
                <![CDATA["FreeCRM application Test"]]>
              </value>
            </param>
          </params>
          <reporter-output>
          </reporter-output>
        </test-method> <!-- runScenario -->
        <test-method is-config="true" signature="tearDownClass()[pri:0, instance:RunnerClass.TestRunnerWithTestNG$TestRunnerWithJunit@70ed52de]" started-at="2024-06-01T12:55:40 IST" name="tearDownClass" finished-at="2024-06-01T12:55:40 IST" duration-ms="76" status="PASS">
          <reporter-output>
          </reporter-output>
        </test-method> <!-- tearDownClass -->
      </class> <!-- RunnerClass.TestRunnerWithTestNG$TestRunnerWithJunit -->
    </test> <!-- Default test -->
  </suite> <!-- Default suite -->
</testng-results>
